<?xml version="1.0" encoding="UTF-8"?>
<testExecutions version="1">
    <file path="/Users/dsipos/others/i18nature-cli/src/lib/fileInfo.spec.ts">
        <testCase name="fileInfo should get upload file infos of translation file" duration="20"/>
        <testCase name="fileInfo should get download file infos of translation file" duration="2"/>
        <testCase name="fileInfo should read content" duration="4"/>
        <testCase name="fileInfo should write content" duration="5"/>
    </file>
    <file path="/Users/dsipos/others/i18nature-cli/src/lib/projectConfig.spec.ts">
        <testCase name="projectConfig should create a valid project config" duration="19"/>
        <testCase name="projectConfig should get project config" duration="1"/>
        <testCase name="projectConfig should save project config" duration="1"/>
        <testCase name="projectConfig should get tasks from missing projectConfigFile" duration="0"/>
        <testCase name="projectConfig should get tasks from overwrite not allowed projectConfigFile" duration="0"/>
    </file>
    <file path="/Users/dsipos/others/i18nature-cli/src/lib/log.spec.ts">
        <testCase name="log should log header title" duration="8"/>
        <testCase name="log should log error message" duration="0"/>
    </file>
    <file path="/Users/dsipos/others/i18nature-cli/src/actions/init.spec.ts">
        <testCase name="init should run init action with default options" duration="24"/>
        <testCase name="init should run init action with false value of overwriteConfigFile option" duration="0"/>
    </file>
    <file path="/Users/dsipos/others/i18nature-cli/src/lib/task.spec.ts">
        <testCase name="task should get upload tasks from translation files" duration="3"/>
        <testCase name="task should get download tasks from translation files" duration="1"/>
        <testCase name="task should run empty tasks" duration="2"/>
        <testCase name="task should run missing projectConfigFile tasks" duration="8"/>
        <testCase name="task should run overwrite not allowed projectConfigFile tasks" duration="0"/>
    </file>
    <file path="/Users/dsipos/others/i18nature-cli/src/actions/download.spec.ts">
        <testCase name="download should run download action with default options" duration="18"/>
        <testCase name="download should run init action with false value of existsProjectConfigFile option" duration="0"/>
    </file>
    <file path="/Users/dsipos/others/i18nature-cli/src/actions/upload.spec.ts">
        <testCase name="upload should run upload action with default options" duration="8"/>
        <testCase name="upload should run init action with false value of existsProjectConfigFile option" duration="1"/>
    </file>
    <file path="/Users/dsipos/others/i18nature-cli/src/index.spec.ts">
        <testCase name="index should run cli with empty args" duration="12"/>
    </file>
    <file path="/Users/dsipos/others/i18nature-cli/src/cli.spec.ts">
        <testCase name="cli should run init action with args" duration="464"/>
        <testCase name="cli should run init action without server response" duration="38"/>
        <testCase name="cli should run init action with bad api_key" duration="297"/>
        <testCase name="cli should run init action without args" duration="414"/>
        <testCase name="cli should run download action with args" duration="1444"/>
        <testCase name="cli should run upload action with args" duration="1749"/>
    </file>
</testExecutions>