<?xml version="1.0" encoding="UTF-8"?>
<testExecutions version="1">
    <file path="/Users/dsipos/others/i18nature-cli/src/lib/fileInfo.spec.ts">
        <testCase name="fileInfo should get upload file infos of translation file" duration="48"/>
        <testCase name="fileInfo should get download file infos of translation file" duration="1"/>
        <testCase name="fileInfo should read content" duration="6"/>
        <testCase name="fileInfo should write content" duration="13"/>
    </file>
    <file path="/Users/dsipos/others/i18nature-cli/src/lib/projectConfig.spec.ts">
        <testCase name="projectConfig should create a valid project config" duration="1"/>
        <testCase name="projectConfig should get project config" duration="0"/>
        <testCase name="projectConfig should save project config" duration="0"/>
        <testCase name="projectConfig should get tasks from missing projectConfigFile" duration="1"/>
        <testCase name="projectConfig should get tasks from overwrite not allowed projectConfigFile" duration="0"/>
    </file>
    <file path="/Users/dsipos/others/i18nature-cli/src/lib/log.spec.ts">
        <testCase name="log should log header title" duration="23"/>
        <testCase name="log should log error message" duration="0"/>
    </file>
    <file path="/Users/dsipos/others/i18nature-cli/src/lib/task.spec.ts">
        <testCase name="task should get upload tasks from translation files" duration="2"/>
        <testCase name="task should get download tasks from translation files" duration="0"/>
        <testCase name="task should run empty tasks" duration="2"/>
        <testCase name="task should run missing projectConfigFile tasks" duration="16"/>
        <testCase name="task should run overwrite not allowed projectConfigFile tasks" duration="1"/>
    </file>
    <file path="/Users/dsipos/others/i18nature-cli/src/actions/upload.spec.ts">
        <testCase name="upload should run upload action with default options" duration="30"/>
        <testCase name="upload should run init action with false value of existsProjectConfigFile option" duration="1"/>
    </file>
    <file path="/Users/dsipos/others/i18nature-cli/src/actions/download.spec.ts">
        <testCase name="download should run download action with default options" duration="19"/>
        <testCase name="download should run init action with false value of existsProjectConfigFile option" duration="1"/>
    </file>
    <file path="/Users/dsipos/others/i18nature-cli/src/actions/init.spec.ts">
        <testCase name="init should run init action with default options" duration="10"/>
        <testCase name="init should run init action with false value of overwriteConfigFile option" duration="1"/>
    </file>
    <file path="/Users/dsipos/others/i18nature-cli/src/index.spec.ts">
        <testCase name="index should run cli with empty args" duration="15"/>
    </file>
    <file path="/Users/dsipos/others/i18nature-cli/src/cli.spec.ts">
        <testCase name="cli should run init action with args" duration="40"/>
        <testCase name="cli should run init action without server response" duration="29"/>
        <testCase name="cli should run init action with bad api_key" duration="25"/>
        <testCase name="cli should run init action without args" duration="6"/>
        <testCase name="cli should run download action with args" duration="17"/>
        <testCase name="cli should run download action with error" duration="10"/>
        <testCase name="cli should run upload action with args" duration="29"/>
        <testCase name="cli should run upload action with error" duration="9"/>
    </file>
</testExecutions>